PHP _phpcs.bat

----------------------------------------------
php path
PhpExePath: "e:\wamp64\bin\php\php8.3.19"

----------------------------------------------
php check
PHP 8.3.19 (cli) (built: Mar 12 2025 14:03:36) (ZTS Visual C++ 2019 x64)
Copyright (c) The PHP Group
Zend Engine v4.3.19, Copyright (c) Zend Technologies
    with Zend OPcache v8.3.19, Copyright (c), by Zend Technologies
    with Xdebug v3.4.2, Copyright (c) 2002-2025, by Derick Rethans

----------------------------------------------
options
 - 'search path ""d:\Entwickl\2026\_gitHub\mod_jx_std_icons""'
 '-p'
 '--standard="d:\Entwickl\2025\_gitHub\joomla-cms\ruleset.xml"'

----------------------------------------------
command
"C:\Users\finnern\AppData\Roaming\Composer\vendor\bin\phpcs.bat"  -p --standard="d:\Entwickl\2025\_gitHub\joomla-cms\ruleset.xml" "d:\Entwickl\2026\_gitHub\mod_jx_std_icons"
E.EEEEE 7 / 7 (100%)



FILE: D:\Entwickl\2026\_gitHub\mod_jx_std_icons\install_mod.php
--------------------------------------------------------------------------------
FOUND 1 ERROR AFFECTING 1 LINE
--------------------------------------------------------------------------------
 23 | ERROR | Class name "mod_jx_std_iconsInstallerScript" is not in PascalCase
    |       | format
--------------------------------------------------------------------------------


FILE: ...twickl\2026\_gitHub\mod_jx_std_icons\src\Helper\fontawesomeScssFile_v6.php
--------------------------------------------------------------------------------
FOUND 33 ERRORS AFFECTING 32 LINES
--------------------------------------------------------------------------------
  31 | ERROR | [ ] Each enum must be in a file by itself
  42 | ERROR | [ ] Each enum must be in a file by itself
  42 | ERROR | [ ] Class name "fontawesomeScssFile_v6" is not in PascalCase
     |       |     format
  64 | ERROR | [x] Expected 1 space after closing parenthesis; found newline
  67 | ERROR | [x] Expected 1 space after closing parenthesis; found newline
  72 | ERROR | [x] Expected 1 space after closing parenthesis; found newline
  74 | ERROR | [x] The CASE body must start on the line following the statement
  76 | ERROR | [x] Expected 1 space after closing parenthesis; found newline
  83 | ERROR | [x] The CASE body must start on the line following the statement
  88 | ERROR | [x] Expected 1 space after closing parenthesis; found newline
  98 | ERROR | [x] Expected 1 space after closing parenthesis; found newline
 107 | ERROR | [x] Expected 1 space after closing parenthesis; found newline
 113 | ERROR | [x] The CASE body must start on the line following the statement
 116 | ERROR | [x] Expected 1 space after closing parenthesis; found newline
 119 | ERROR | [x] Expected 1 space after closing brace; newline found
 120 | ERROR | [x] Expected 1 space after ELSE keyword; newline found
 128 | ERROR | [x] Expected 1 space after closing parenthesis; found newline
 131 | ERROR | [x] Expected 1 space after closing brace; newline found
 132 | ERROR | [x] Expected 1 space after ELSE keyword; newline found
 138 | ERROR | [x] The CASE body must start on the line following the statement
 141 | ERROR | [x] Expected 1 space after closing parenthesis; found newline
 151 | ERROR | [x] Blank line found at end of control structure
 153 | ERROR | [x] Blank line found at end of control structure
 195 | ERROR | [x] Expected 1 space after TRY keyword; newline found
 200 | ERROR | [x] Expected 1 space after closing parenthesis; found newline
 205 | ERROR | [x] Expected 1 space after closing brace; newline found
 206 | ERROR | [x] Expected 1 space after closing parenthesis; found newline
 230 | ERROR | [ ] Method name "fontawesomeScssFile_v6::line_determineIconName"
     |       |     is not in camel caps format
 234 | ERROR | [x] Expected 1 space after TRY keyword; newline found
 240 | ERROR | [x] Expected 1 space after closing parenthesis; found newline
 246 | ERROR | [x] Expected 1 space after closing brace; newline found
 247 | ERROR | [x] Expected 1 space after closing parenthesis; found newline
 260 | ERROR | [x] The closing brace for the class must go on the next line
     |       |     after the body
--------------------------------------------------------------------------------
PHPCBF CAN FIX THE 29 MARKED SNIFF VIOLATIONS AUTOMATICALLY
--------------------------------------------------------------------------------


FILE: D:\Entwickl\2026\_gitHub\mod_jx_std_icons\src\Helper\iconList.php
--------------------------------------------------------------------------------
FOUND 14 ERRORS AFFECTING 12 LINES
--------------------------------------------------------------------------------
  19 | ERROR | [ ] Class name "iconList" is not in PascalCase format
  43 | ERROR | [x] Expected 1 space after closing parenthesis; found newline
  67 | ERROR | [x] Expected 1 space after closing parenthesis; found newline
  73 | ERROR | [x] Expected 1 space after TRY keyword; newline found
  76 | ERROR | [x] Expected 1 space after closing parenthesis; found newline
  84 | ERROR | [x] Expected 1 space after closing brace; newline found
  85 | ERROR | [x] Expected 1 space after ELSE keyword; newline found
  91 | ERROR | [x] Expected 1 space after closing brace; newline found
  92 | ERROR | [x] Expected 1 space after closing parenthesis; found newline
 113 | ERROR | [ ] Expected "function abc(...)"; found "function abc (...)"
 113 | ERROR | [x] Expected 0 spaces before opening parenthesis; 1 found
 113 | ERROR | [x] Opening brace should be on a new line
 121 | ERROR | [x] Function closing brace must go on the next line following
     |       |     the body; found 1 blank lines before brace
 125 | ERROR | [x] The closing brace for the class must go on the next line
     |       |     after the body
--------------------------------------------------------------------------------
PHPCBF CAN FIX THE 12 MARKED SNIFF VIOLATIONS AUTOMATICALLY
--------------------------------------------------------------------------------


FILE: ...\2026\_gitHub\mod_jx_std_icons\src\Helper\joomlaFontawesomeCssFile_j5x.php
--------------------------------------------------------------------------------
FOUND 38 ERRORS AND 1 WARNING AFFECTING 38 LINES
--------------------------------------------------------------------------------
  29 | ERROR   | [ ] Each enum must be in a file by itself
  41 | ERROR   | [ ] Each enum must be in a file by itself
  41 | ERROR   | [ ] Class name "joomlaFontawesomeCssFile_j5x" is not in
     |         |     PascalCase format
  43 | WARNING | [ ] Visibility must be declared on all constants if your
     |         |     project supports PHP 7.1 or later
  81 | ERROR   | [x] Expected 1 space after closing parenthesis; found newline
  87 | ERROR   | [x] Expected 1 space after closing parenthesis; found newline
  90 | ERROR   | [x] Expected 1 space after closing parenthesis; found newline
  98 | ERROR   | [x] Expected 1 space after closing parenthesis; found newline
 100 | ERROR   | [x] The CASE body must start on the line following the
     |         |     statement
 106 | ERROR   | [x] Expected 1 space after closing parenthesis; found newline
 117 | ERROR   | [x] The CASE body must start on the line following the
     |         |     statement
 119 | ERROR   | [x] Expected 1 space after closing parenthesis; found newline
 128 | ERROR   | [x] The CASE body must start on the line following the
     |         |     statement
 130 | ERROR   | [x] Expected 1 space after closing parenthesis; found newline
 133 | ERROR   | [x] Expected 1 space after closing brace; newline found
 134 | ERROR   | [x] Expected 1 space after ELSE keyword; newline found
 136 | ERROR   | [x] Expected 1 space after closing parenthesis; found newline
 143 | ERROR   | [x] Expected 1 space after closing parenthesis; found newline
 144 | ERROR   | [x] Blank line found at start of control structure
 153 | ERROR   | [x] Expected 1 space after closing parenthesis; found newline
 164 | ERROR   | [x] Expected 1 space after closing parenthesis; found newline
 167 | ERROR   | [x] Expected 1 space after closing brace; newline found
 168 | ERROR   | [x] Expected 1 space after ELSE keyword; newline found
 170 | ERROR   | [x] Expected 1 space after closing parenthesis; found newline
 178 | ERROR   | [x] Expected 1 space after closing parenthesis; found newline
 187 | ERROR   | [x] Expected 1 space after closing parenthesis; found newline
 196 | ERROR   | [x] The CASE body must start on the line following the
     |         |     statement
 198 | ERROR   | [x] Expected 1 space after closing parenthesis; found newline
 201 | ERROR   | [x] Expected 1 space after closing brace; newline found
 202 | ERROR   | [x] Expected 1 space after ELSE keyword; newline found
 204 | ERROR   | [x] Expected 1 space after closing parenthesis; found newline
 211 | ERROR   | [x] Blank line found at end of control structure
 231 | ERROR   | [x] Expected 1 space after closing parenthesis; found newline
 245 | ERROR   | [x] Expected 1 space after closing parenthesis; found newline
 261 | ERROR   | [x] Expected 1 space after closing parenthesis; found newline
 287 | ERROR   | [x] Expected 1 space after closing parenthesis; found newline
 295 | ERROR   | [x] Function closing brace must go on the next line following
     |         |     the body; found 1 blank lines before brace
 305 | ERROR   | [x] Expected 1 space after closing parenthesis; found newline
 318 | ERROR   | [x] Each PHP statement must be on a line by itself
--------------------------------------------------------------------------------
PHPCBF CAN FIX THE 35 MARKED SNIFF VIOLATIONS AUTOMATICALLY
--------------------------------------------------------------------------------


FILE: ...twickl\2026\_gitHub\mod_jx_std_icons\src\Helper\mod_jx_std_iconsHelper.php
--------------------------------------------------------------------------------
FOUND 12 ERRORS AFFECTING 11 LINES
--------------------------------------------------------------------------------
  25 | ERROR | [ ] Class name "mod_jx_std_iconsHelper" is not in PascalCase
     |       |     format
  77 | ERROR | [x] Expected 1 space after closing parenthesis; found newline
  78 | ERROR | [x] Blank line found at start of control structure
  83 | ERROR | [x] Function closing brace must go on the next line following
     |       |     the body; found 1 blank lines before brace
  94 | ERROR | [x] Expected 1 space after TRY keyword; newline found
 101 | ERROR | [x] Space before opening parenthesis of function call prohibited
 111 | ERROR | [x] Space before opening parenthesis of function call prohibited
 123 | ERROR | [x] Blank line found at end of control structure
 124 | ERROR | [x] Expected 1 space after closing brace; newline found
 125 | ERROR | [x] Expected 1 space after closing parenthesis; found newline
 138 | ERROR | [ ] Closing brace must not be followed by any comment or
     |       |     statement on the same line
 138 | ERROR | [x] The closing brace for the class must go on the next line
     |       |     after the body
--------------------------------------------------------------------------------
PHPCBF CAN FIX THE 10 MARKED SNIFF VIOLATIONS AUTOMATICALLY
--------------------------------------------------------------------------------


FILE: D:\Entwickl\2026\_gitHub\mod_jx_std_icons\tmpl\default.php
--------------------------------------------------------------------------------
FOUND 21 ERRORS AND 2 WARNINGS AFFECTING 19 LINES
--------------------------------------------------------------------------------
   1 | WARNING | [ ] File has mixed line endings; this may cause incorrect
     |         |     results
   1 | WARNING | [ ] A file should declare new symbols (classes, functions,
     |         |     constants, etc.) and cause no other side effects, or it
     |         |     should execute logic with side effects, but should not do
     |         |     both. The first symbol is defined on line 223 and the
     |         |     first side effect is on line 17.
   1 | ERROR   | [x] Header blocks must be separated by a single blank line
  14 | ERROR   | [x] Whitespace found at end of line
  63 | ERROR   | [x] Expected 1 space after closing parenthesis; found 0
  71 | ERROR   | [x] Expected 1 space after ELSE keyword; 0 found
  71 | ERROR   | [x] Blank line found at start of control structure
  73 | ERROR   | [x] Expected 1 space after closing parenthesis; found 0
  79 | ERROR   | [x] Expected 1 space after closing parenthesis; found 0
  91 | ERROR   | [x] Expected 1 space after closing parenthesis; found 0
 102 | ERROR   | [x] Expected 1 space after closing parenthesis; found newline
 112 | ERROR   | [x] Expected 1 space after closing parenthesis; found newline
 130 | ERROR   | [x] Expected 1 space after closing parenthesis; found 0
 140 | ERROR   | [x] Expected 1 space after closing parenthesis; found newline
 141 | ERROR   | [x] Blank line found at start of control structure
 165 | ERROR   | [x] Expected 1 space after closing parenthesis; found newline
 182 | ERROR   | [x] Expected 1 space after closing parenthesis; found 0
 192 | ERROR   | [x] Expected 1 space after closing parenthesis; found newline
 193 | ERROR   | [x] Blank line found at start of control structure
 202 | ERROR   | [x] Expected 1 space after closing parenthesis; found newline
 229 | ERROR   | [x] Function closing brace must go on the next line following
     |         |     the body; found 1 blank lines before brace
 239 | ERROR   | [x] Space before opening parenthesis of function call
     |         |     prohibited
 239 | ERROR   | [x] Expected 1 space after closing parenthesis; found 0
--------------------------------------------------------------------------------
PHPCBF CAN FIX THE 21 MARKED SNIFF VIOLATIONS AUTOMATICALLY
--------------------------------------------------------------------------------

Time: 605ms; Memory: 8MB

